<?xml version="1.0" encoding="UTF-8"?>
<testng-results skipped="0" failed="2" total="2" passed="0">
  <reporter-output>
  </reporter-output>
  <suite name="Default suite" duration-ms="34200" started-at="2016-12-20T11:50:46Z" finished-at="2016-12-20T11:51:20Z">
    <groups>
    </groups>
    <test name="Default test" duration-ms="34200" started-at="2016-12-20T11:50:46Z" finished-at="2016-12-20T11:51:20Z">
      <class name="testscripts.NewCustomerPage_Test">
        <test-method status="PASS" signature="InitaiteAppl()[pri:0, instance:testscripts.NewCustomerPage_Test@1318ec4]" name="InitaiteAppl" is-config="true" duration-ms="14476" started-at="2016-12-20T17:20:46Z" finished-at="2016-12-20T17:21:00Z">
          <reporter-output>
          </reporter-output>
        </test-method> <!-- InitaiteAppl -->
        <test-method status="FAIL" signature="readExcelData()[pri:0, instance:testscripts.NewCustomerPage_Test@1318ec4]" name="readExcelData" duration-ms="13" started-at="2016-12-20T17:21:00Z" finished-at="2016-12-20T17:21:00Z">
          <exception class="java.io.FileNotFoundException">
            <message>
              <![CDATA[D:\ProTractorAngularJS\AssignmentTest\src\test\resources\Test_Data_Sheet.xls (The system cannot find the file specified)]]>
            </message>
            <full-stacktrace>
              <![CDATA[java.io.FileNotFoundException: D:\ProTractorAngularJS\AssignmentTest\src\test\resources\Test_Data_Sheet.xls (The system cannot find the file specified)
	at java.io.FileInputStream.open0(Native Method)
	at java.io.FileInputStream.open(FileInputStream.java:195)
	at java.io.FileInputStream.<init>(FileInputStream.java:138)
	at jxl.Workbook.getWorkbook(Workbook.java:213)
	at jxl.Workbook.getWorkbook(Workbook.java:198)
	at utilityclasses.UI_GenericMethods.raedExcelData(UI_GenericMethods.java:421)
	at testscripts.NewCustomerPage_Test.readExcelData(NewCustomerPage_Test.java:42)
	at sun.reflect.NativeMethodAccessorImpl.invoke0(Native Method)
	at sun.reflect.NativeMethodAccessorImpl.invoke(NativeMethodAccessorImpl.java:62)
	at sun.reflect.DelegatingMethodAccessorImpl.invoke(DelegatingMethodAccessorImpl.java:43)
	at java.lang.reflect.Method.invoke(Method.java:498)
	at org.testng.internal.MethodInvocationHelper.invokeMethod(MethodInvocationHelper.java:85)
	at org.testng.internal.Invoker.invokeMethod(Invoker.java:696)
	at org.testng.internal.Invoker.invokeTestMethod(Invoker.java:882)
	at org.testng.internal.Invoker.invokeTestMethods(Invoker.java:1189)
	at org.testng.internal.TestMethodWorker.invokeTestMethods(TestMethodWorker.java:124)
	at org.testng.internal.TestMethodWorker.run(TestMethodWorker.java:108)
	at org.testng.TestRunner.privateRun(TestRunner.java:767)
	at org.testng.TestRunner.run(TestRunner.java:617)
	at org.testng.SuiteRunner.runTest(SuiteRunner.java:348)
	at org.testng.SuiteRunner.runSequentially(SuiteRunner.java:343)
	at org.testng.SuiteRunner.privateRun(SuiteRunner.java:305)
	at org.testng.SuiteRunner.run(SuiteRunner.java:254)
	at org.testng.SuiteRunnerWorker.runSuite(SuiteRunnerWorker.java:52)
	at org.testng.SuiteRunnerWorker.run(SuiteRunnerWorker.java:86)
	at org.testng.TestNG.runSuitesSequentially(TestNG.java:1224)
	at org.testng.TestNG.runSuitesLocally(TestNG.java:1149)
	at org.testng.TestNG.run(TestNG.java:1057)
	at org.testng.remote.AbstractRemoteTestNG.run(AbstractRemoteTestNG.java:132)
	at org.testng.remote.RemoteTestNG.initAndRun(RemoteTestNG.java:236)
	at org.testng.remote.RemoteTestNG.main(RemoteTestNG.java:81)
]]>
            </full-stacktrace>
          </exception> <!-- java.io.FileNotFoundException -->
          <reporter-output>
          </reporter-output>
        </test-method> <!-- readExcelData -->
        <test-method status="PASS" signature="CloseAppl()[pri:0, instance:testscripts.NewCustomerPage_Test@1318ec4]" name="CloseAppl" is-config="true" duration-ms="2371" started-at="2016-12-20T17:21:00Z" finished-at="2016-12-20T17:21:03Z">
          <reporter-output>
          </reporter-output>
        </test-method> <!-- CloseAppl -->
        <test-method status="PASS" signature="InitaiteAppl()[pri:0, instance:testscripts.NewCustomerPage_Test@1318ec4]" name="InitaiteAppl" is-config="true" duration-ms="12459" started-at="2016-12-20T17:21:03Z" finished-at="2016-12-20T17:21:15Z">
          <reporter-output>
          </reporter-output>
        </test-method> <!-- InitaiteAppl -->
        <test-method status="FAIL" signature="verifyInputOfCustomerDetails()[pri:0, instance:testscripts.NewCustomerPage_Test@1318ec4]" name="verifyInputOfCustomerDetails" duration-ms="3076" started-at="2016-12-20T17:21:15Z" finished-at="2016-12-20T17:21:18Z">
          <exception class="java.io.FileNotFoundException">
            <message>
              <![CDATA[D:\ProTractorAngularJS\AssignmentTest\src\test\resources\Test_Data_Sheet.xls (The system cannot find the file specified)]]>
            </message>
            <full-stacktrace>
              <![CDATA[java.io.FileNotFoundException: D:\ProTractorAngularJS\AssignmentTest\src\test\resources\Test_Data_Sheet.xls (The system cannot find the file specified)
	at java.io.FileInputStream.open0(Native Method)
	at java.io.FileInputStream.open(FileInputStream.java:195)
	at java.io.FileInputStream.<init>(FileInputStream.java:138)
	at java.io.FileInputStream.<init>(FileInputStream.java:93)
	at utilityclasses.UI_GenericMethods.getDataFromXL(UI_GenericMethods.java:397)
	at pagewiseclasses.NewCustomer_Page.fn_addNewCustomer(NewCustomer_Page.java:76)
	at testscripts.NewCustomerPage_Test.verifyInputOfCustomerDetails(NewCustomerPage_Test.java:35)
	at sun.reflect.NativeMethodAccessorImpl.invoke0(Native Method)
	at sun.reflect.NativeMethodAccessorImpl.invoke(NativeMethodAccessorImpl.java:62)
	at sun.reflect.DelegatingMethodAccessorImpl.invoke(DelegatingMethodAccessorImpl.java:43)
	at java.lang.reflect.Method.invoke(Method.java:498)
	at org.testng.internal.MethodInvocationHelper.invokeMethod(MethodInvocationHelper.java:85)
	at org.testng.internal.Invoker.invokeMethod(Invoker.java:696)
	at org.testng.internal.Invoker.invokeTestMethod(Invoker.java:882)
	at org.testng.internal.Invoker.invokeTestMethods(Invoker.java:1189)
	at org.testng.internal.TestMethodWorker.invokeTestMethods(TestMethodWorker.java:124)
	at org.testng.internal.TestMethodWorker.run(TestMethodWorker.java:108)
	at org.testng.TestRunner.privateRun(TestRunner.java:767)
	at org.testng.TestRunner.run(TestRunner.java:617)
	at org.testng.SuiteRunner.runTest(SuiteRunner.java:348)
	at org.testng.SuiteRunner.runSequentially(SuiteRunner.java:343)
	at org.testng.SuiteRunner.privateRun(SuiteRunner.java:305)
	at org.testng.SuiteRunner.run(SuiteRunner.java:254)
	at org.testng.SuiteRunnerWorker.runSuite(SuiteRunnerWorker.java:52)
	at org.testng.SuiteRunnerWorker.run(SuiteRunnerWorker.java:86)
	at org.testng.TestNG.runSuitesSequentially(TestNG.java:1224)
	at org.testng.TestNG.runSuitesLocally(TestNG.java:1149)
	at org.testng.TestNG.run(TestNG.java:1057)
	at org.testng.remote.AbstractRemoteTestNG.run(AbstractRemoteTestNG.java:132)
	at org.testng.remote.RemoteTestNG.initAndRun(RemoteTestNG.java:236)
	at org.testng.remote.RemoteTestNG.main(RemoteTestNG.java:81)
]]>
            </full-stacktrace>
          </exception> <!-- java.io.FileNotFoundException -->
          <reporter-output>
          </reporter-output>
        </test-method> <!-- verifyInputOfCustomerDetails -->
        <test-method status="PASS" signature="CloseAppl()[pri:0, instance:testscripts.NewCustomerPage_Test@1318ec4]" name="CloseAppl" is-config="true" duration-ms="1776" started-at="2016-12-20T17:21:18Z" finished-at="2016-12-20T17:21:20Z">
          <reporter-output>
          </reporter-output>
        </test-method> <!-- CloseAppl -->
      </class> <!-- testscripts.NewCustomerPage_Test -->
    </test> <!-- Default test -->
  </suite> <!-- Default suite -->
</testng-results>
